<?xml version="1.0" encoding="UTF-8"?>
<!-- Generated by org.testng.reporters.JUnitXMLReporter -->
<testsuite ignored="0" hostname="LAPTOP-5NJGE6VO" failures="0" tests="2" name="Chrome Test" time="24.955" errors="0" timestamp="2023-08-01T23:10:12 IST">
  <testcase classname="com.obsqura.rmartSuperMarket.testscript.PushNotificationTest" name="verifyWhetherUserAbleToSendTheNotification" time="0.367">
    <skipped/>
  </testcase> <!-- verifyWhetherUserAbleToSendTheNotification -->
  <testcase classname="com.obsqura.rmartSuperMarket.testscript.PushNotificationTest" name="verifyWhetherUserAbleToSendTheNotification" time="5.043"/>
</testsuite> <!-- Chrome Test -->
