<?xml version="1.0" encoding="UTF-8"?>
<!-- Generated by org.testng.reporters.JUnitXMLReporter -->
<testsuite ignored="0" hostname="LAPTOP-5NJGE6VO" failures="0" tests="4" name="Test" time="20.32" errors="0" timestamp="2023-08-01T23:09:00 IST">
  <testcase classname="com.obsqura.rmartSuperMarket.testscript.PushNotificationTest" name="verifyWhetherUserAbleToSendTheNotification" time="0.076">
    <skipped/>
  </testcase> <!-- verifyWhetherUserAbleToSendTheNotification -->
  <testcase classname="com.obsqura.rmartSuperMarket.testscript.MobileSliderTest" name="checkWhetherTheUserAbletoSelectValueFromDropDownandUploadFile" time="0.235">
    <skipped/>
  </testcase> <!-- checkWhetherTheUserAbletoSelectValueFromDropDownandUploadFile -->
  <testcase classname="com.obsqura.rmartSuperMarket.testscript.PushNotificationTest" name="verifyWhetherUserAbleToSendTheNotification" time="5.517"/>
  <testcase classname="com.obsqura.rmartSuperMarket.testscript.MobileSliderTest" name="checkWhetherTheUserAbletoSelectValueFromDropDownandUploadFile" time="5.327"/>
</testsuite> <!-- Test -->
