<?xml version="1.0" encoding="UTF-8"?>
<!-- Generated by org.testng.reporters.JUnitXMLReporter -->
<testsuite ignored="0" hostname="LAPTOP-5NJGE6VO" failures="0" tests="4" name="Test" time="48.927" errors="0" timestamp="2023-08-02T13:25:24 IST">
  <testcase classname="com.obsqura.rmartSuperMarket.testscript.MobileSliderTest" name="checkWhetherTheUserAbletoSubmitTheMobileSlider" time="0.442">
    <skipped/>
  </testcase> <!-- checkWhetherTheUserAbletoSubmitTheMobileSlider -->
  <testcase classname="com.obsqura.rmartSuperMarket.testscript.PushNotificationTest" name="verifyWhetherUserAbleToSendTheNotification" time="0.459">
    <skipped/>
  </testcase> <!-- verifyWhetherUserAbleToSendTheNotification -->
  <testcase classname="com.obsqura.rmartSuperMarket.testscript.PushNotificationTest" name="verifyWhetherUserAbleToSendTheNotification" time="10.648"/>
  <testcase classname="com.obsqura.rmartSuperMarket.testscript.MobileSliderTest" name="checkWhetherTheUserAbletoSubmitTheMobileSlider" time="10.999"/>
</testsuite> <!-- Test -->
