<?xml version="1.0" encoding="UTF-8"?>
<testng-results ignored="0" total="2" passed="2" failed="0" skipped="0">
  <reporter-output>
  </reporter-output>
  <suite started-at="2023-08-01T08:31:25 IST" name="Grouping" finished-at="2023-08-01T08:32:13 IST" duration-ms="47315">
    <groups>
      <group name="regression">
        <method signature="LoginTest.verifyTheUserAbleToLoginWithValidCredentials()[pri:0, instance:com.obsqura.rmartSuperMarket.testscript.LoginTest@3549bca9]" name="verifyTheUserAbleToLoginWithValidCredentials" class="com.obsqura.rmartSuperMarket.testscript.LoginTest"/>
        <method signature="LoginTest.verifyTheUserCannotLoginWithInvalidUserNameandValidPassword()[pri:0, instance:com.obsqura.rmartSuperMarket.testscript.LoginTest@3549bca9]" name="verifyTheUserCannotLoginWithInvalidUserNameandValidPassword" class="com.obsqura.rmartSuperMarket.testscript.LoginTest"/>
      </group> <!-- regression -->
      <group name="smoke">
        <method signature="LoginTest.verifyTheUserCannotLoginWithInvalidUserNameandValidPassword()[pri:0, instance:com.obsqura.rmartSuperMarket.testscript.LoginTest@3549bca9]" name="verifyTheUserCannotLoginWithInvalidUserNameandValidPassword" class="com.obsqura.rmartSuperMarket.testscript.LoginTest"/>
      </group> <!-- smoke -->
    </groups>
    <test started-at="2023-08-01T08:31:25 IST" name="Test" finished-at="2023-08-01T08:32:13 IST" duration-ms="47315">
      <class name="com.obsqura.rmartSuperMarket.testscript.LoginTest">
        <test-method is-config="true" signature="initializeBrowser(java.lang.String)[pri:0, instance:com.obsqura.rmartSuperMarket.testscript.LoginTest@3549bca9]" started-at="2023-08-01T08:31:26 IST" name="initializeBrowser" finished-at="2023-08-01T08:31:44 IST" duration-ms="18162" status="PASS">
          <params>
            <param index="0">
              <value>
                <![CDATA[chrome]]>
              </value>
            </param>
          </params>
          <reporter-output>
          </reporter-output>
        </test-method> <!-- initializeBrowser -->
        <test-method signature="verifyTheUserAbleToLoginWithValidCredentials()[pri:0, instance:com.obsqura.rmartSuperMarket.testscript.LoginTest@3549bca9]" started-at="2023-08-01T08:31:44 IST" name="verifyTheUserAbleToLoginWithValidCredentials" description="Verify whether user is able to login using valid username and password" finished-at="2023-08-01T08:31:50 IST" duration-ms="5884" status="PASS">
          <reporter-output>
          </reporter-output>
        </test-method> <!-- verifyTheUserAbleToLoginWithValidCredentials -->
        <test-method is-config="true" signature="browserQuit(org.testng.ITestResult)[pri:0, instance:com.obsqura.rmartSuperMarket.testscript.LoginTest@3549bca9]" started-at="2023-08-01T08:31:50 IST" name="browserQuit" finished-at="2023-08-01T08:31:54 IST" duration-ms="3844" status="PASS">
          <params>
            <param index="0">
              <value>
                <![CDATA[[TestResult name=verifyTheUserAbleToLoginWithValidCredentials status=SUCCESS method=LoginTest.verifyTheUserAbleToLoginWithValidCredentials()[pri:0, instance:com.obsqura.rmartSuperMarket.testscript.LoginTest@3549bca9] output={null}]]]>
              </value>
            </param>
          </params>
          <reporter-output>
          </reporter-output>
        </test-method> <!-- browserQuit -->
        <test-method is-config="true" signature="initializeBrowser(java.lang.String)[pri:0, instance:com.obsqura.rmartSuperMarket.testscript.LoginTest@3549bca9]" started-at="2023-08-01T08:31:54 IST" name="initializeBrowser" finished-at="2023-08-01T08:32:07 IST" duration-ms="12772" status="PASS">
          <params>
            <param index="0">
              <value>
                <![CDATA[chrome]]>
              </value>
            </param>
          </params>
          <reporter-output>
          </reporter-output>
        </test-method> <!-- initializeBrowser -->
        <test-method signature="verifyTheUserCannotLoginWithInvalidUserNameandValidPassword()[pri:0, instance:com.obsqura.rmartSuperMarket.testscript.LoginTest@3549bca9]" started-at="2023-08-01T08:32:07 IST" name="verifyTheUserCannotLoginWithInvalidUserNameandValidPassword" description="Verify whether user shoul not be able to login using invalid username and valid password" finished-at="2023-08-01T08:32:09 IST" duration-ms="2810" status="PASS">
          <reporter-output>
          </reporter-output>
        </test-method> <!-- verifyTheUserCannotLoginWithInvalidUserNameandValidPassword -->
        <test-method is-config="true" signature="browserQuit(org.testng.ITestResult)[pri:0, instance:com.obsqura.rmartSuperMarket.testscript.LoginTest@3549bca9]" started-at="2023-08-01T08:32:09 IST" name="browserQuit" finished-at="2023-08-01T08:32:13 IST" duration-ms="3425" status="PASS">
          <params>
            <param index="0">
              <value>
                <![CDATA[[TestResult name=verifyTheUserCannotLoginWithInvalidUserNameandValidPassword status=SUCCESS method=LoginTest.verifyTheUserCannotLoginWithInvalidUserNameandValidPassword()[pri:0, instance:com.obsqura.rmartSuperMarket.testscript.LoginTest@3549bca9] output={null}]]]>
              </value>
            </param>
          </params>
          <reporter-output>
          </reporter-output>
        </test-method> <!-- browserQuit -->
      </class> <!-- com.obsqura.rmartSuperMarket.testscript.LoginTest -->
    </test> <!-- Test -->
  </suite> <!-- Grouping -->
</testng-results>
