<?xml version="1.0" encoding="UTF-8"?>
<!-- Generated by org.testng.reporters.JUnitXMLReporter -->
<testsuite ignored="0" hostname="LAPTOP-5NJGE6VO" failures="1" tests="1" name="Test" time="19.159" errors="0" timestamp="2023-07-31T08:13:31 IST">
  <testcase classname="com.obsqura.rmartSuperMarket.testscript.PushNotificationTest" name="verifyWhetherUserAbleToSendTheNotification" time="1.896">
    <failure type="java.lang.NullPointerException">
      <![CDATA[java.lang.NullPointerException
at utilities.ExcelUtility.getString(ExcelUtility.java:129)
at com.obsqura.rmartSuperMarket.testscript.PushNotificationTest.verifyWhetherUserAbleToSendTheNotification(PushNotificationTest.java:19)
at java.base/java.util.ArrayList.forEach(ArrayList.java:1541)
... Removed 27 stack frames]]>
    </failure>
  </testcase> <!-- verifyWhetherUserAbleToSendTheNotification -->
</testsuite> <!-- Test -->
