<?xml version="1.0" encoding="UTF-8"?>
<!-- Generated by org.testng.reporters.JUnitXMLReporter -->
<testsuite ignored="3" hostname="LAPTOP-5NJGE6VO" failures="0" tests="1" name="Test" time="19.314" errors="0" timestamp="2023-08-02T13:15:34 IST">
  <testcase classname="com.obsqura.rmartSuperMarket.testscript.LoginTest" name="verifyTheUserCannotLoginWithInvalidUserNameandInvalidPassword" time="1.235"/>
  <testcase classname="com.obsqura.rmartSuperMarket.testscript.LoginTest" name="verifyTheUserCannotLoginWithValidUserNameandInvalidPassword" time="0.0">
    <ignored/>
  </testcase> <!-- verifyTheUserCannotLoginWithValidUserNameandInvalidPassword -->
  <testcase classname="com.obsqura.rmartSuperMarket.testscript.LoginTest" name="verifyTheUserAbleToLoginWithValidCredentials" time="0.0">
    <ignored/>
  </testcase> <!-- verifyTheUserAbleToLoginWithValidCredentials -->
  <testcase classname="com.obsqura.rmartSuperMarket.testscript.LoginTest" name="verifyTheUserCannotLoginWithInvalidUserNameandValidPassword" time="0.0">
    <ignored/>
  </testcase> <!-- verifyTheUserCannotLoginWithInvalidUserNameandValidPassword -->
</testsuite> <!-- Test -->
