<?xml version="1.0" encoding="UTF-8"?>
<!-- Generated by org.testng.reporters.JUnitXMLReporter -->
<testsuite ignored="2" hostname="LAPTOP-5NJGE6VO" failures="0" tests="2" name="Test" time="47.315" errors="0" timestamp="2023-08-01T08:32:14 IST">
  <testcase classname="com.obsqura.rmartSuperMarket.testscript.LoginTest" name="verifyTheUserAbleToLoginWithValidCredentials" time="5.884"/>
  <testcase classname="com.obsqura.rmartSuperMarket.testscript.LoginTest" name="verifyTheUserCannotLoginWithInvalidUserNameandValidPassword" time="2.81"/>
  <testcase classname="com.obsqura.rmartSuperMarket.testscript.LoginTest" name="verifyTheUserCannotLoginWithValidUserNameandInvalidPassword" time="0.0">
    <ignored/>
  </testcase> <!-- verifyTheUserCannotLoginWithValidUserNameandInvalidPassword -->
  <testcase classname="com.obsqura.rmartSuperMarket.testscript.LoginTest" name="verifyTheUserCannotLoginWithInvalidUserNameandInvalidPassword" time="0.0">
    <ignored/>
  </testcase> <!-- verifyTheUserCannotLoginWithInvalidUserNameandInvalidPassword -->
</testsuite> <!-- Test -->
